[1003/150041:ERROR:process_reader_win.cc(114)] NtOpenThread: {Access Denied} A process has requested access to an object, but has not been granted those access rights.  (0xc0000022)
[1003/150041:ERROR:exception_snapshot_win.cc(87)] thread ID 8524 not found in process
[1003/150041:WARNING:crash_report_exception_handler.cc(56)] ProcessSnapshotWin::Initialize failed
[1004/123531:ERROR:process_reader_win.cc(114)] NtOpenThread: {Access Denied} A process has requested access to an object, but has not been granted those access rights.  (0xc0000022)
[1004/123531:ERROR:exception_snapshot_win.cc(87)] thread ID 6980 not found in process
[1004/123531:WARNING:crash_report_exception_handler.cc(56)] ProcessSnapshotWin::Initialize failed
[1012/141713:ERROR:process_reader_win.cc(114)] NtOpenThread: {Access Denied} A process has requested access to an object, but has not been granted those access rights.  (0xc0000022)
[1012/141713:ERROR:exception_snapshot_win.cc(87)] thread ID 7352 not found in process
[1012/141713:WARNING:crash_report_exception_handler.cc(56)] ProcessSnapshotWin::Initialize failed
[1013/080626:ERROR:process_reader_win.cc(114)] NtOpenThread: {Access Denied} A process has requested access to an object, but has not been granted those access rights.  (0xc0000022)
[1013/080626:ERROR:exception_snapshot_win.cc(87)] thread ID 2560 not found in process
[1013/080626:WARNING:crash_report_exception_handler.cc(56)] ProcessSnapshotWin::Initialize failed
[0213/110810.116:ERROR:process_reader_win.cc(114)] NtOpenThread: {Access Denied} A process has requested access to an object, but has not been granted those access rights.  (0xc0000022)
[0213/110810.117:ERROR:exception_snapshot_win.cc(87)] thread ID 4276 not found in process
[0213/110810.117:WARNING:crash_report_exception_handler.cc(60)] ProcessSnapshotWin::Initialize failed
[0213/160334.786:ERROR:process_reader_win.cc(114)] NtOpenThread: {Access Denied} A process has requested access to an object, but has not been granted those access rights.  (0xc0000022)
[0213/160334.787:ERROR:exception_snapshot_win.cc(87)] thread ID 3696 not found in process
[0213/160334.787:WARNING:crash_report_exception_handler.cc(60)] ProcessSnapshotWin::Initialize failed
[1011/123323.823:ERROR:process_reader_win.cc(151)] SuspendThread: Access is denied. (0x5)
[1011/123323.841:ERROR:process_reader_win.cc(151)] SuspendThread: Access is denied. (0x5)
[1011/123323.841:ERROR:process_reader_win.cc(151)] SuspendThread: Access is denied. (0x5)
[1011/123323.841:ERROR:process_reader_win.cc(151)] SuspendThread: Access is denied. (0x5)
[1011/123323.841:ERROR:process_reader_win.cc(151)] SuspendThread: Access is denied. (0x5)
[1011/123323.841:ERROR:process_reader_win.cc(151)] SuspendThread: Access is denied. (0x5)
[1011/123323.841:ERROR:process_reader_win.cc(123)] NtOpenThread: {Access Denied} A process has requested access to an object, but has not been granted those access rights.  (0xc0000022)
[1011/123323.861:ERROR:exception_snapshot_win.cc(87)] thread ID 9860 not found in process
[1011/123323.861:WARNING:crash_report_exception_handler.cc(62)] ProcessSnapshotWin::Initialize failed
