1499280758674	geckodriver	INFO	Listening on 127.0.0.1:56937
1499280760768	geckodriver::marionette	INFO	Starting browser C:\Program Files (x86)\Mozilla Firefox\firefox.exe with args ["-marionette"]
1499280761057	addons.manager	DEBUG	Application has been upgraded
1499280761204	addons.manager	DEBUG	Loaded provider scope for resource://gre/modules/addons/XPIProvider.jsm: ["XPIProvider"]
1499280761211	addons.manager	DEBUG	Loaded provider scope for resource://gre/modules/LightweightThemeManager.jsm: ["LightweightThemeManager"]
1499280761217	addons.manager	DEBUG	Loaded provider scope for resource://gre/modules/addons/GMPProvider.jsm
1499280761221	addons.manager	DEBUG	Loaded provider scope for resource://gre/modules/addons/PluginProvider.jsm
1499280761222	addons.manager	DEBUG	Starting provider: XPIProvider
1499280761223	addons.xpi	DEBUG	startup
1499280761223	addons.xpi	INFO	Removing all system add-on upgrades.
1499280761224	addons.xpi	INFO	SystemAddonInstallLocation directory is missing
1499280761226	addons.xpi	INFO	Mapping aushelper@mozilla.org to C:\Program Files (x86)\Mozilla Firefox\browser\features\aushelper@mozilla.org.xpi
1499280761226	addons.xpi	INFO	Mapping e10srollout@mozilla.org to C:\Program Files (x86)\Mozilla Firefox\browser\features\e10srollout@mozilla.org.xpi
1499280761227	addons.xpi	INFO	Mapping firefox@getpocket.com to C:\Program Files (x86)\Mozilla Firefox\browser\features\firefox@getpocket.com.xpi
1499280761227	addons.xpi	INFO	Mapping screenshots@mozilla.org to C:\Program Files (x86)\Mozilla Firefox\browser\features\screenshots@mozilla.org.xpi
1499280761228	addons.xpi	INFO	Mapping webcompat@mozilla.org to C:\Program Files (x86)\Mozilla Firefox\browser\features\webcompat@mozilla.org.xpi
1499280761228	addons.xpi	INFO	Mapping {972ce4c6-7e08-4474-a285-3208198ce6fd} to C:\Program Files (x86)\Mozilla Firefox\browser\extensions\{972ce4c6-7e08-4474-a285-3208198ce6fd}.xpi
1499280761229	addons.xpi	DEBUG	checkForChanges
1499280761230	addons.xpi	INFO	SystemAddonInstallLocation directory is missing
1499280761230	addons.xpi	DEBUG	Loaded add-on state from prefs: {}
1499280761233	addons.xpi	DEBUG	New add-on aushelper@mozilla.org in app-system-defaults
1499280761234	addons.xpi	DEBUG	getModTime: Recursive scan of aushelper@mozilla.org
1499280761235	addons.xpi	DEBUG	New add-on e10srollout@mozilla.org in app-system-defaults
1499280761235	addons.xpi	DEBUG	getModTime: Recursive scan of e10srollout@mozilla.org
1499280761236	addons.xpi	DEBUG	New add-on firefox@getpocket.com in app-system-defaults
1499280761237	addons.xpi	DEBUG	getModTime: Recursive scan of firefox@getpocket.com
1499280761238	addons.xpi	DEBUG	New add-on screenshots@mozilla.org in app-system-defaults
1499280761238	addons.xpi	DEBUG	getModTime: Recursive scan of screenshots@mozilla.org
1499280761239	addons.xpi	DEBUG	New add-on webcompat@mozilla.org in app-system-defaults
1499280761239	addons.xpi	DEBUG	getModTime: Recursive scan of webcompat@mozilla.org
1499280761240	addons.xpi	DEBUG	New add-on {972ce4c6-7e08-4474-a285-3208198ce6fd} in app-global
1499280761241	addons.xpi	DEBUG	getModTime: Recursive scan of {972ce4c6-7e08-4474-a285-3208198ce6fd}
1499280761241	addons.xpi	DEBUG	getInstallState changed: true, state: {"app-system-defaults":{"aushelper@mozilla.org":{"d":"C:\\Program Files (x86)\\Mozilla Firefox\\browser\\features\\aushelper@mozilla.org.xpi","st":1499280121501},"e10srollout@mozilla.org":{"d":"C:\\Program Files (x86)\\Mozilla Firefox\\browser\\features\\e10srollout@mozilla.org.xpi","st":1499280121493},"firefox@getpocket.com":{"d":"C:\\Program Files (x86)\\Mozilla Firefox\\browser\\features\\firefox@getpocket.com.xpi","st":1499280121478},"screenshots@mozilla.org":{"d":"C:\\Program Files (x86)\\Mozilla Firefox\\browser\\features\\screenshots@mozilla.org.xpi","st":1496949713000},"webcompat@mozilla.org":{"d":"C:\\Program Files (x86)\\Mozilla Firefox\\browser\\features\\webcompat@mozilla.org.xpi","st":1499280121462}},"app-global":{"{972ce4c6-7e08-4474-a285-3208198ce6fd}":{"d":"C:\\Program Files (x86)\\Mozilla Firefox\\browser\\extensions\\{972ce4c6-7e08-4474-a285-3208198ce6fd}.xpi","st":1499280121509}}}
1499280761250	addons.xpi-utils	DEBUG	Opening XPI database C:\Users\Alex\AppData\Local\Temp\rust_mozprofile.U7aLtmzzMebf\extensions.json
1499280761252	addons.xpi-utils	DEBUG	New add-on aushelper@mozilla.org installed in app-system-defaults
*** Blocklist::_loadBlocklistFromFile: blocklist is disabled
1499280761262	DeferredSave.extensions.json	DEBUG	Save changes
1499280761262	addons.xpi-utils	DEBUG	New add-on e10srollout@mozilla.org installed in app-system-defaults
1499280761266	DeferredSave.extensions.json	DEBUG	Starting timer
1499280761268	DeferredSave.extensions.json	DEBUG	Save changes
1499280761268	addons.xpi-utils	DEBUG	New add-on firefox@getpocket.com installed in app-system-defaults
1499280761276	DeferredSave.extensions.json	DEBUG	Save changes
1499280761276	addons.xpi-utils	DEBUG	New add-on screenshots@mozilla.org installed in app-system-defaults
1499280761282	DeferredSave.extensions.json	DEBUG	Save changes
1499280761284	addons.xpi-utils	DEBUG	New add-on webcompat@mozilla.org installed in app-system-defaults
1499280761288	DeferredSave.extensions.json	DEBUG	Save changes
1499280761288	addons.xpi-utils	DEBUG	New add-on {972ce4c6-7e08-4474-a285-3208198ce6fd} installed in app-global
1499280761293	DeferredSave.extensions.json	DEBUG	Save changes
1499280761294	addons.manager	DEBUG	Registering startup change 'installed' for aushelper@mozilla.org
1499280761302	addons.xpi	DEBUG	Loading bootstrap scope from C:\Program Files (x86)\Mozilla Firefox\browser\features\aushelper@mozilla.org.xpi
1499280761306	addons.xpi	DEBUG	Calling bootstrap method install on aushelper@mozilla.org version 2.0
1499280761306	addons.xpi-utils	DEBUG	Make addon app-system-defaults:aushelper@mozilla.org visible
1499280761306	DeferredSave.extensions.json	DEBUG	Save changes
1499280761307	addons.manager	DEBUG	Registering startup change 'installed' for e10srollout@mozilla.org
1499280761308	addons.xpi	DEBUG	Loading bootstrap scope from C:\Program Files (x86)\Mozilla Firefox\browser\features\e10srollout@mozilla.org.xpi
1499280761310	addons.xpi	DEBUG	Calling bootstrap method install on e10srollout@mozilla.org version 1.50
1499280761310	addons.xpi-utils	DEBUG	Make addon app-system-defaults:e10srollout@mozilla.org visible
1499280761311	DeferredSave.extensions.json	DEBUG	Save changes
1499280761311	addons.manager	DEBUG	Registering startup change 'installed' for firefox@getpocket.com
1499280761312	addons.xpi	DEBUG	Loading bootstrap scope from C:\Program Files (x86)\Mozilla Firefox\browser\features\firefox@getpocket.com.xpi
1499280761314	addons.xpi	DEBUG	Calling bootstrap method install on firefox@getpocket.com version 1.0.5
1499280761314	addons.xpi-utils	DEBUG	Make addon app-system-defaults:firefox@getpocket.com visible
1499280761314	DeferredSave.extensions.json	DEBUG	Save changes
1499280761315	addons.manager	DEBUG	Registering startup change 'installed' for screenshots@mozilla.org
1499280761315	addons.xpi	DEBUG	Loading bootstrap scope from C:\Program Files (x86)\Mozilla Firefox\browser\features\screenshots@mozilla.org.xpi
1499280761317	addons.xpi	DEBUG	Calling bootstrap method install on screenshots@mozilla.org version 6.6.0
1499280761317	addons.xpi-utils	DEBUG	Make addon app-system-defaults:screenshots@mozilla.org visible
1499280761318	DeferredSave.extensions.json	DEBUG	Save changes
1499280761318	addons.manager	DEBUG	Registering startup change 'installed' for webcompat@mozilla.org
1499280761318	addons.xpi	DEBUG	Loading bootstrap scope from C:\Program Files (x86)\Mozilla Firefox\browser\features\webcompat@mozilla.org.xpi
1499280761319	addons.xpi	DEBUG	Calling bootstrap method install on webcompat@mozilla.org version 1.1
1499280761319	addons.xpi-utils	DEBUG	Make addon app-system-defaults:webcompat@mozilla.org visible
1499280761320	DeferredSave.extensions.json	DEBUG	Save changes
1499280761320	addons.xpi-utils	DEBUG	Make addon app-global:{972ce4c6-7e08-4474-a285-3208198ce6fd} visible
1499280761320	DeferredSave.extensions.json	DEBUG	Save changes
1499280761320	addons.xpi	DEBUG	Updating XPIState for {"id":"aushelper@mozilla.org","syncGUID":"{b5a2bdf2-c541-45ed-8c1b-2e78ea95b6a4}","location":"app-system-defaults","version":"2.0","type":"extension","internalName":null,"updateURL":null,"updateKey":null,"optionsURL":null,"optionsType":null,"aboutURL":null,"icons":{},"iconURL":null,"icon64URL":null,"defaultLocale":{"name":"Application Update Service Helper","description":"Sets value(s) in the update url based on custom checks.","creator":null,"homepageURL":null},"visible":true,"active":true,"userDisabled":false,"appDisabled":false,"descriptor":"C:\\Program Files (x86)\\Mozilla Firefox\\browser\\features\\aushelper@mozilla.org.xpi","installDate":1499280121501,"updateDate":1499280121501,"applyBackgroundUpdates":1,"bootstrap":true,"skinnable":false,"size":8488,"sourceURI":null,"releaseNotesURI":null,"softDisabled":false,"foreignInstall":false,"hasBinaryComponents":false,"strictCompatibility":false,"locales":[],"targetApplications":[{"id":"{ec8030f7-c20a-464f-9b0e-13a3a9e97384}","minVersion":"54.0.1","maxVersion":"54.*"}],"targetPlatforms":[],"multiprocessCompatible":true,"seen":true,"dependencies":[],"hasEmbeddedWebExtension":false,"mpcOptedOut":false,"userPermissions":null}
1499280761321	addons.xpi	DEBUG	getModTime: Recursive scan of aushelper@mozilla.org
1499280761321	addons.xpi	DEBUG	Updating XPIState for {"id":"e10srollout@mozilla.org","syncGUID":"{f6d51251-37ee-4ba1-818d-5a0da9f7f0b5}","location":"app-system-defaults","version":"1.50","type":"extension","internalName":null,"updateURL":null,"updateKey":null,"optionsURL":null,"optionsType":null,"aboutURL":null,"icons":{},"iconURL":null,"icon64URL":null,"defaultLocale":{"name":"Multi-process staged rollout","description":"Staged rollout of Firefox multi-process feature.","creator":null,"homepageURL":null},"visible":true,"active":true,"userDisabled":false,"appDisabled":false,"descriptor":"C:\\Program Files (x86)\\Mozilla Firefox\\browser\\features\\e10srollout@mozilla.org.xpi","installDate":1499280121493,"updateDate":1499280121493,"applyBackgroundUpdates":1,"bootstrap":true,"skinnable":false,"size":12519,"sourceURI":null,"releaseNotesURI":null,"softDisabled":false,"foreignInstall":false,"hasBinaryComponents":false,"strictCompatibility":false,"locales":[],"targetApplications":[{"id":"{ec8030f7-c20a-464f-9b0e-13a3a9e97384}","minVersion":"54.0.1","maxVersion":"54.*"}],"targetPlatforms":[],"multiprocessCompatible":true,"seen":true,"dependencies":[],"hasEmbeddedWebExtension":false,"mpcOptedOut":false,"userPermissions":null}
1499280761321	addons.xpi	DEBUG	getModTime: Recursive scan of e10srollout@mozilla.org
1499280761321	addons.xpi	DEBUG	Updating XPIState for {"id":"firefox@getpocket.com","syncGUID":"{cd255362-3e3a-44d9-afa3-6bfcb2547ca3}","location":"app-system-defaults","version":"1.0.5","type":"extension","internalName":null,"updateURL":null,"updateKey":null,"optionsURL":null,"optionsType":null,"aboutURL":null,"icons":{},"iconURL":null,"icon64URL":null,"defaultLocale":{"name":"Pocket","description":"When you find something you want to view later, put it in Pocket.","creator":null,"homepageURL":null},"visible":true,"active":true,"userDisabled":false,"appDisabled":false,"descriptor":"C:\\Program Files (x86)\\Mozilla Firefox\\browser\\features\\firefox@getpocket.com.xpi","installDate":1499280121478,"updateDate":1499280121478,"applyBackgroundUpdates":1,"bootstrap":true,"skinnable":false,"size":913906,"sourceURI":null,"releaseNotesURI":null,"softDisabled":false,"foreignInstall":false,"hasBinaryComponents":false,"strictCompatibility":false,"locales":[],"targetApplications":[{"id":"{ec8030f7-c20a-464f-9b0e-13a3a9e97384}","minVersion":"54.0.1","maxVersion":"54.*"}],"targetPlatforms":[],"multiprocessCompatible":true,"seen":true,"dependencies":[],"hasEmbeddedWebExtension":false,"mpcOptedOut":false,"userPermissions":null}
1499280761321	addons.xpi	DEBUG	getModTime: Recursive scan of firefox@getpocket.com
1499280761321	addons.xpi	DEBUG	Updating XPIState for {"id":"screenshots@mozilla.org","syncGUID":"{2d4323bd-504e-4d20-aac4-07061bbecba4}","location":"app-system-defaults","version":"6.6.0","type":"extension","internalName":null,"updateURL":null,"updateKey":null,"optionsURL":null,"optionsType":null,"aboutURL":null,"icons":{},"iconURL":null,"icon64URL":null,"defaultLocale":{"name":"Firefox Screenshots","description":null,"creator":null,"homepageURL":"https://pageshot.net/"},"visible":true,"active":true,"userDisabled":false,"appDisabled":false,"descriptor":"C:\\Program Files (x86)\\Mozilla Firefox\\browser\\features\\screenshots@mozilla.org.xpi","installDate":1496949713000,"updateDate":1496949713000,"applyBackgroundUpdates":1,"bootstrap":true,"skinnable":false,"size":716271,"sourceURI":null,"releaseNotesURI":null,"softDisabled":false,"foreignInstall":false,"hasBinaryComponents":false,"strictCompatibility":false,"locales":[],"targetApplications":[{"id":"{ec8030f7-c20a-464f-9b0e-13a3a9e97384}","minVersion":"51.0a1","maxVersion":"*"}],"targetPlatforms":[],"multiprocessCompatible":true,"seen":true,"dependencies":[],"hasEmbeddedWebExtension":false,"mpcOptedOut":false,"userPermissions":null}
1499280761322	addons.xpi	DEBUG	getModTime: Recursive scan of screenshots@mozilla.org
1499280761322	addons.xpi	DEBUG	Updating XPIState for {"id":"webcompat@mozilla.org","syncGUID":"{84ddc857-2457-4d8c-8801-1683fd3a1f82}","location":"app-system-defaults","version":"1.1","type":"extension","internalName":null,"updateURL":null,"updateKey":null,"optionsURL":null,"optionsType":null,"aboutURL":null,"icons":{},"iconURL":null,"icon64URL":null,"defaultLocale":{"name":"Web Compat","description":"Urgent post-release fixes for web compatibility.","creator":null,"homepageURL":null},"visible":true,"active":true,"userDisabled":false,"appDisabled":false,"descriptor":"C:\\Program Files (x86)\\Mozilla Firefox\\browser\\features\\webcompat@mozilla.org.xpi","installDate":1499280121462,"updateDate":1499280121462,"applyBackgroundUpdates":1,"bootstrap":true,"skinnable":false,"size":9006,"sourceURI":null,"releaseNotesURI":null,"softDisabled":false,"foreignInstall":false,"hasBinaryComponents":false,"strictCompatibility":false,"locales":[],"targetApplications":[{"id":"{ec8030f7-c20a-464f-9b0e-13a3a9e97384}","minVersion":"54.0.1","maxVersion":"54.*"}],"targetPlatforms":[],"multiprocessCompatible":true,"seen":true,"dependencies":[],"hasEmbeddedWebExtension":false,"mpcOptedOut":false,"userPermissions":null}
1499280761322	addons.xpi	DEBUG	getModTime: Recursive scan of webcompat@mozilla.org
1499280761322	addons.xpi	DEBUG	Updating XPIState for {"id":"{972ce4c6-7e08-4474-a285-3208198ce6fd}","syncGUID":"{8e945674-0edd-42dc-acb5-4a27d3d8951f}","location":"app-global","version":"54.0.1","type":"theme","internalName":"classic/1.0","updateURL":null,"updateKey":null,"optionsURL":null,"optionsType":null,"aboutURL":null,"icons":{},"iconURL":"chrome://browser/content/default-theme-icon.svg","icon64URL":null,"defaultLocale":{"name":"Default","description":"The default theme.","creator":"Mozilla","homepageURL":null,"contributors":["Mozilla Contributors"]},"visible":true,"active":true,"userDisabled":false,"appDisabled":false,"descriptor":"C:\\Program Files (x86)\\Mozilla Firefox\\browser\\extensions\\{972ce4c6-7e08-4474-a285-3208198ce6fd}.xpi","installDate":1499280121509,"updateDate":1499280121509,"applyBackgroundUpdates":1,"skinnable":true,"size":8207,"sourceURI":null,"releaseNotesURI":null,"softDisabled":false,"foreignInstall":false,"hasBinaryComponents":false,"strictCompatibility":true,"locales":[],"targetApplications":[{"id":"{ec8030f7-c20a-464f-9b0e-13a3a9e97384}","minVersion":"54.0.1","maxVersion":"54.0.1"}],"targetPlatforms":[],"seen":true,"dependencies":[],"hasEmbeddedWebExtension":false,"userPermissions":null}
1499280761322	addons.xpi	DEBUG	getModTime: Recursive scan of {972ce4c6-7e08-4474-a285-3208198ce6fd}
1499280761323	DeferredSave.extensions.json	DEBUG	Save changes
1499280761323	addons.xpi	DEBUG	Updating database with changes to installed add-ons
1499280761323	addons.xpi-utils	DEBUG	Updating add-on states
1499280761324	addons.xpi-utils	DEBUG	Writing add-ons list
1499280761326	addons.xpi	DEBUG	Registering manifest for C:\Program Files (x86)\Mozilla Firefox\browser\features\aushelper@mozilla.org.xpi
1499280761326	addons.xpi	DEBUG	Calling bootstrap method startup on aushelper@mozilla.org version 2.0
1499280761327	addons.xpi	DEBUG	Registering manifest for C:\Program Files (x86)\Mozilla Firefox\browser\features\e10srollout@mozilla.org.xpi
1499280761328	addons.xpi	DEBUG	Calling bootstrap method startup on e10srollout@mozilla.org version 1.50
1499280761328	addons.xpi	DEBUG	Registering manifest for C:\Program Files (x86)\Mozilla Firefox\browser\features\firefox@getpocket.com.xpi
1499280761329	addons.xpi	DEBUG	Calling bootstrap method startup on firefox@getpocket.com version 1.0.5
1499280761329	addons.xpi	DEBUG	Registering manifest for C:\Program Files (x86)\Mozilla Firefox\browser\features\screenshots@mozilla.org.xpi
1499280761330	addons.xpi	DEBUG	Calling bootstrap method startup on screenshots@mozilla.org version 6.6.0
1499280761330	addons.xpi	DEBUG	Registering manifest for C:\Program Files (x86)\Mozilla Firefox\browser\features\webcompat@mozilla.org.xpi
1499280761330	addons.xpi	DEBUG	Calling bootstrap method startup on webcompat@mozilla.org version 1.1
1499280761335	addons.manager	DEBUG	Registering shutdown blocker for XPIProvider
1499280761335	addons.manager	DEBUG	Provider finished startup: XPIProvider
1499280761336	addons.manager	DEBUG	Starting provider: LightweightThemeManager
1499280761336	addons.manager	DEBUG	Registering shutdown blocker for LightweightThemeManager
1499280761336	addons.manager	DEBUG	Provider finished startup: LightweightThemeManager
1499280761337	addons.manager	DEBUG	Starting provider: GMPProvider
1499280761340	addons.manager	DEBUG	Registering shutdown blocker for GMPProvider
1499280761340	addons.manager	DEBUG	Provider finished startup: GMPProvider
1499280761340	addons.manager	DEBUG	Starting provider: PluginProvider
1499280761340	addons.manager	DEBUG	Registering shutdown blocker for PluginProvider
1499280761340	addons.manager	DEBUG	Provider finished startup: PluginProvider
1499280761341	addons.manager	DEBUG	Completed startup sequence
[GFX1]: Potential driver version mismatch ignored due to missing DLLs igd10umd32 v= and igd10iumd32.dll v=0.0.0.0
1499280762837	addons.manager	DEBUG	Starting provider: <unnamed-provider>
1499280762837	addons.manager	DEBUG	Registering shutdown blocker for <unnamed-provider>
1499280762837	addons.manager	DEBUG	Provider finished startup: <unnamed-provider>
1499280762855	addons.manager	DEBUG	Starting provider: PreviousExperimentProvider
1499280762855	addons.manager	DEBUG	Registering shutdown blocker for PreviousExperimentProvider
1499280762856	addons.manager	DEBUG	Provider finished startup: PreviousExperimentProvider
1499280762858	DeferredSave.extensions.json	DEBUG	Starting write
1499280763236	DeferredSave.extensions.json	DEBUG	Write succeeded
1499280763237	addons.xpi-utils	DEBUG	XPI Database saved, setting schema version preference to 19
[GFX1]: Potential driver version mismatch ignored due to missing DLLs igd10umd32 v= and igd10iumd32.dll v=0.0.0.0
1499280765367	Marionette	INFO	Listening on port 56943
[GPU 6664] WARNING: pipe error: 109: file c:/builds/moz2_slave/m-rel-w32-00000000000000000000/build/src/ipc/chromium/src/chrome/common/ipc_channel_win.cc, line 346
1499280766011	Marionette	WARN	TLS certificate errors will be ignored for this session
1499280766059	Marionette	DEBUG	loaded listener.js
1499280766080	Marionette	DEBUG	Received DOM event "beforeunload" for "about:blank"
1499280766979	Marionette	DEBUG	Received DOM event "pagehide" for "about:blank"
1499280766979	Marionette	DEBUG	Received DOM event "unload" for "about:blank"
JavaScript error: https://dhsprogram.com/data/dataset_admin/login_main.cfm;jsessionid=28E17D45E2E42528E5DFA47C5A202896.cfusion?CFID=6821127&CFTOKEN=2267300d103606d4-C8F9016E-DAB1-8F34-A40634105A61AAD9, line 52: ReferenceError: stLight is not defined
JavaScript warning: https://dhsprogram.com/js/jquery.cycle.js, line 16: Using //@ to indicate sourceMappingURL pragmas is deprecated. Use //# instead
1499280767786	Marionette	DEBUG	Received DOM event "DOMContentLoaded" for "https://dhsprogram.com/data/dataset_admin/login_main.cfm;jsessionid=28E17D45E2E42528E5DFA47C5A202896.cfusion?CFID=6821127&CFTOKEN=2267300d103606d4-C8F9016E-DAB1-8F34-A40634105A61AAD9"
JavaScript warning: https://dhsprogram.com/commonspot/javascript/lightbox/lightbox.js, line 832: unreachable code after return statement
1499280768032	Marionette	DEBUG	Received DOM event "pageshow" for "https://dhsprogram.com/data/dataset_admin/login_main.cfm;jsessionid=28E17D45E2E42528E5DFA47C5A202896.cfusion?CFID=6821127&CFTOKEN=2267300d103606d4-C8F9016E-DAB1-8F34-A40634105A61AAD9"
1499280768051	Marionette	DEBUG	Received DOM event "DOMContentLoaded" for "https://dhsprogram.com/data/dataset_admin/login_main.cfm;jsessionid=28E17D45E2E42528E5DFA47C5A202896.cfusion?CFID=6821127&CFTOKEN=2267300d103606d4-C8F9016E-DAB1-8F34-A40634105A61AAD9"
1499280768124	Marionette	DEBUG	Received DOM event "pageshow" for "https://dhsprogram.com/data/dataset_admin/login_main.cfm;jsessionid=28E17D45E2E42528E5DFA47C5A202896.cfusion?CFID=6821127&CFTOKEN=2267300d103606d4-C8F9016E-DAB1-8F34-A40634105A61AAD9"
1499280768146	Marionette	DEBUG	Received DOM event "pageshow" for "https://dhsprogram.com/data/dataset_admin/login_main.cfm;jsessionid=28E17D45E2E42528E5DFA47C5A202896.cfusion?CFID=6821127&CFTOKEN=2267300d103606d4-C8F9016E-DAB1-8F34-A40634105A61AAD9"
1499280768241	Marionette	DEBUG	Received DOM event "beforeunload" for "https://dhsprogram.com/data/dataset_admin/login_main.cfm;jsessionid=28E17D45E2E42528E5DFA47C5A202896.cfusion?CFID=6821127&CFTOKEN=2267300d103606d4-C8F9016E-DAB1-8F34-A40634105A61AAD9"
1499280770985	Marionette	DEBUG	Received DOM event "pagehide" for "https://dhsprogram.com/data/dataset_admin/login_main.cfm;jsessionid=28E17D45E2E42528E5DFA47C5A202896.cfusion?CFID=6821127&CFTOKEN=2267300d103606d4-C8F9016E-DAB1-8F34-A40634105A61AAD9"
1499280770993	Marionette	DEBUG	Received DOM event "unload" for "https://dhsprogram.com/data/dataset_admin/login_main.cfm;jsessionid=28E17D45E2E42528E5DFA47C5A202896.cfusion?CFID=6821127&CFTOKEN=2267300d103606d4-C8F9016E-DAB1-8F34-A40634105A61AAD9"
1499280771010	Marionette	DEBUG	Received observer notification "outer-window-destroyed" for "2147483656"
JavaScript error: https://dhsprogram.com/data/dataset_admin/index.cfm?CFID=6821127&CFTOKEN=2267300d103606d4-C8F9016E-DAB1-8F34-A40634105A61AAD9, line 52: ReferenceError: stLight is not defined
JavaScript warning: https://dhsprogram.com/js/jquery.cycle.js, line 16: Using //@ to indicate sourceMappingURL pragmas is deprecated. Use //# instead
1499280771263	Marionette	DEBUG	Received DOM event "DOMContentLoaded" for "https://dhsprogram.com/data/dataset_admin/index.cfm?CFID=6821127&CFTOKEN=2267300d103606d4-C8F9016E-DAB1-8F34-A40634105A61AAD9"
JavaScript warning: https://dhsprogram.com/commonspot/javascript/lightbox/lightbox.js, line 832: unreachable code after return statement
1499280771397	Marionette	DEBUG	Received DOM event "pageshow" for "https://dhsprogram.com/data/dataset_admin/index.cfm?CFID=6821127&CFTOKEN=2267300d103606d4-C8F9016E-DAB1-8F34-A40634105A61AAD9"
1499280771411	Marionette	DEBUG	Received DOM event "DOMContentLoaded" for "https://dhsprogram.com/data/dataset_admin/index.cfm?CFID=6821127&CFTOKEN=2267300d103606d4-C8F9016E-DAB1-8F34-A40634105A61AAD9"
1499280771416	Marionette	DEBUG	Received DOM event "pageshow" for "https://dhsprogram.com/data/dataset_admin/index.cfm?CFID=6821127&CFTOKEN=2267300d103606d4-C8F9016E-DAB1-8F34-A40634105A61AAD9"
1499280771457	Marionette	DEBUG	Received DOM event "pageshow" for "https://dhsprogram.com/data/dataset_admin/index.cfm?CFID=6821127&CFTOKEN=2267300d103606d4-C8F9016E-DAB1-8F34-A40634105A61AAD9"
1499280771518	Marionette	DEBUG	Received DOM event "beforeunload" for "https://dhsprogram.com/data/dataset_admin/index.cfm?CFID=6821127&CFTOKEN=2267300d103606d4-C8F9016E-DAB1-8F34-A40634105A61AAD9"
1499280772005	Marionette	DEBUG	Received DOM event "pagehide" for "https://dhsprogram.com/data/dataset_admin/index.cfm?CFID=6821127&CFTOKEN=2267300d103606d4-C8F9016E-DAB1-8F34-A40634105A61AAD9"
1499280772011	Marionette	DEBUG	Received DOM event "unload" for "https://dhsprogram.com/data/dataset_admin/index.cfm?CFID=6821127&CFTOKEN=2267300d103606d4-C8F9016E-DAB1-8F34-A40634105A61AAD9"
1499280772017	Marionette	DEBUG	Received observer notification "outer-window-destroyed" for "2147483659"
JavaScript error: https://dhsprogram.com/data/dataset_admin/index.cfm, line 52: ReferenceError: stLight is not defined
JavaScript warning: https://dhsprogram.com/js/jquery.cycle.js, line 16: Using //@ to indicate sourceMappingURL pragmas is deprecated. Use //# instead
1499280772295	Marionette	DEBUG	Received DOM event "DOMContentLoaded" for "https://dhsprogram.com/data/dataset_admin/index.cfm"
JavaScript warning: https://dhsprogram.com/commonspot/javascript/lightbox/lightbox.js, line 832: unreachable code after return statement
1499280772420	Marionette	DEBUG	Received DOM event "pageshow" for "https://dhsprogram.com/data/dataset_admin/index.cfm"
1499280772434	Marionette	DEBUG	Received DOM event "DOMContentLoaded" for "https://dhsprogram.com/data/dataset_admin/index.cfm"
1499280772470	Marionette	DEBUG	Received DOM event "pageshow" for "https://dhsprogram.com/data/dataset_admin/index.cfm"
1499280772479	Marionette	DEBUG	Received DOM event "pageshow" for "https://dhsprogram.com/data/dataset_admin/index.cfm"
1499280772486	Marionette	DEBUG	Received DOM event "beforeunload" for "https://dhsprogram.com/data/dataset_admin/index.cfm"
1499280823358	addons.productaddons	INFO	sending request to: https://aus5.mozilla.org/update/3/GMP/54.0.1/20170628075643/WINNT_x86-msvc-x64/en-US/release-cck-mozilla116/Windows_NT%2010.0.0.0%20(x64)/mozilla116/1.0/update.xml
1499280823694	addons.productaddons	INFO	Completed downloading document
1499280824038	addons.productaddons	INFO	downloadXHR File download. status=200
1499280824043	addons.productaddons	INFO	Downloaded file will be saved to C:\Users\Alex\AppData\Local\Temp\tmpaddon
1499280830343	addons.productaddons	INFO	downloadXHR File download. status=200
1499280830362	addons.productaddons	INFO	Downloaded file will be saved to C:\Users\Alex\AppData\Local\Temp\tmpaddon
[GPU 6664] WARNING: pipe error: 109: file c:/builds/moz2_slave/m-rel-w32-00000000000000000000/build/src/ipc/chromium/src/chrome/common/ipc_channel_win.cc, line 346
1499280979881	Marionette	DEBUG	loaded listener.js
1499280981879	Marionette	DEBUG	Received observer notification "outer-window-destroyed" for "2147483689"
1499280981926	Marionette	DEBUG	Received observer notification "outer-window-destroyed" for "2147483691"
1499280986969	Marionette	DEBUG	Received observer notification "outer-window-destroyed" for "2147483697"
[GPU 6664] WARNING: pipe error: 109: file c:/builds/moz2_slave/m-rel-w32-00000000000000000000/build/src/ipc/chromium/src/chrome/common/ipc_channel_win.cc, line 346
1499281016818	Marionette	DEBUG	Received observer notification "outer-window-destroyed" for "2147483708"
1499281016820	Marionette	DEBUG	Received observer notification "outer-window-destroyed" for "2147483706"
1499281016821	Marionette	DEBUG	Received observer notification "outer-window-destroyed" for "2147483701"
1499281016828	Marionette	DEBUG	Received observer notification "outer-window-destroyed" for "2147483703"
1499281016829	Marionette	DEBUG	Received observer notification "outer-window-destroyed" for "2147483699"
1499281016830	Marionette	DEBUG	Received observer notification "outer-window-destroyed" for "2147483693"
1499281019456	Marionette	DEBUG	Received observer notification "outer-window-destroyed" for "2147483687"
1499281019458	Marionette	DEBUG	Received observer notification "outer-window-destroyed" for "2147483677"
1499281019460	Marionette	DEBUG	Received observer notification "outer-window-destroyed" for "2147483685"
1499281019461	Marionette	DEBUG	Received observer notification "outer-window-destroyed" for "2147483675"
1499281019464	Marionette	DEBUG	Received observer notification "outer-window-destroyed" for "2147483679"
1499281019465	Marionette	DEBUG	Received observer notification "outer-window-destroyed" for "2147483673"
1499281019466	Marionette	DEBUG	Received observer notification "outer-window-destroyed" for "2147483667"
1499281019466	Marionette	DEBUG	Received observer notification "outer-window-destroyed" for "2147483669"
1499281019467	Marionette	DEBUG	Received observer notification "outer-window-destroyed" for "2147483664"
1499281021016	Marionette	DEBUG	Received DOM event "beforeunload" for "https://dhsprogram.com/data/dataset_admin/index.cfm"
1499281021098	Marionette	DEBUG	Received DOM event "pagehide" for "https://dhsprogram.com/data/dataset_admin/index.cfm"
1499281021104	Marionette	DEBUG	Received DOM event "unload" for "https://dhsprogram.com/data/dataset_admin/index.cfm"
1499281021107	Marionette	DEBUG	Received observer notification "outer-window-destroyed" for "2147483662"
1499281021110	Marionette	DEBUG	Received observer notification "outer-window-destroyed" for "2147483651"
1499281021109	addons.xpi	DEBUG	Calling bootstrap method shutdown on webcompat@mozilla.org version 1.1
1499281021111	addons.xpi	DEBUG	Calling bootstrap method shutdown on screenshots@mozilla.org version 6.6.0
1499281021112	addons.xpi	DEBUG	Calling bootstrap method shutdown on firefox@getpocket.com version 1.0.5
1499281021113	addons.xpi	DEBUG	Calling bootstrap method shutdown on e10srollout@mozilla.org version 1.50
1499281021113	addons.xpi	DEBUG	Calling bootstrap method shutdown on aushelper@mozilla.org version 2.0
[GPU 6664] WARNING: pipe error: 109: file c:/builds/moz2_slave/m-rel-w32-00000000000000000000/build/src/ipc/chromium/src/chrome/common/ipc_channel_win.cc, line 346
