[0109/111252:ERROR:process_reader_win.cc(114)] NtOpenThread: {Access Denied} A process has requested access to an object, but has not been granted those access rights.  (0xc0000022)
[0109/111252:ERROR:exception_snapshot_win.cc(87)] thread ID 9236 not found in process
[0109/111252:WARNING:crash_report_exception_handler.cc(61)] ProcessSnapshotWin::Initialize failed
[0109/111451:ERROR:process_reader_win.cc(114)] NtOpenThread: {Access Denied} A process has requested access to an object, but has not been granted those access rights.  (0xc0000022)
[0109/111451:ERROR:exception_snapshot_win.cc(87)] thread ID 3484 not found in process
[0109/111451:WARNING:crash_report_exception_handler.cc(61)] ProcessSnapshotWin::Initialize failed
[0502/130845.065:ERROR:process_info.cc(625)] range at 0xff9fb000, size 0x230 fully unreadable
[0502/130845.086:ERROR:process_info.cc(625)] range at 0xff9ff000, size 0xf84 fully unreadable
[0502/130845.086:ERROR:process_info.cc(625)] range at 0xff9f7000, size 0xf84 fully unreadable
[0502/130845.086:ERROR:process_info.cc(625)] range at 0xff8cf000, size 0xf84 fully unreadable
[0502/130845.086:ERROR:process_info.cc(625)] range at 0xff8c9000, size 0xf84 fully unreadable
[0502/130845.086:ERROR:process_info.cc(625)] range at 0xff8c6000, size 0xf84 fully unreadable
[0502/130845.086:ERROR:process_info.cc(625)] range at 0xff8c3000, size 0xf84 fully unreadable
[0502/130845.086:ERROR:process_info.cc(625)] range at 0xff8cc000, size 0xf84 fully unreadable
[0502/130845.086:ERROR:process_info.cc(625)] range at 0xff8c0000, size 0xf84 fully unreadable
[0502/130845.086:ERROR:process_info.cc(625)] range at 0xff8bd000, size 0xf84 fully unreadable
[0502/130845.086:ERROR:process_info.cc(625)] range at 0xff8ba000, size 0xf84 fully unreadable
[0502/130845.086:ERROR:process_info.cc(625)] range at 0xff8b7000, size 0xf84 fully unreadable
[0502/130845.086:ERROR:process_info.cc(625)] range at 0xff8b4000, size 0xf84 fully unreadable
[0502/130845.086:ERROR:process_info.cc(625)] range at 0xff8b1000, size 0xf84 fully unreadable
[0502/130845.086:ERROR:process_info.cc(625)] range at 0xff8ae000, size 0xf84 fully unreadable
[0502/130845.086:ERROR:process_info.cc(625)] range at 0xff8ab000, size 0xf84 fully unreadable
[0502/130845.086:ERROR:process_info.cc(625)] range at 0xff8a8000, size 0xf84 fully unreadable
[0502/130845.086:ERROR:process_info.cc(625)] range at 0xff8a5000, size 0xf84 fully unreadable
[0502/130845.086:ERROR:process_info.cc(625)] range at 0xff8a2000, size 0xf84 fully unreadable
[0502/130845.086:ERROR:process_info.cc(625)] range at 0xff89f000, size 0xf84 fully unreadable
[0502/130845.087:ERROR:process_info.cc(625)] range at 0xff89c000, size 0xf84 fully unreadable
[0502/130845.087:ERROR:process_info.cc(625)] range at 0xff899000, size 0xf84 fully unreadable
[0502/130845.087:ERROR:process_info.cc(625)] range at 0xff896000, size 0xf84 fully unreadable
[0502/130845.087:ERROR:process_info.cc(625)] range at 0xff893000, size 0xf84 fully unreadable
[0502/130845.087:ERROR:process_info.cc(625)] range at 0xff890000, size 0xf84 fully unreadable
[0502/130845.087:ERROR:process_info.cc(625)] range at 0xff88d000, size 0xf84 fully unreadable
[0502/130845.087:ERROR:process_info.cc(625)] range at 0xff88a000, size 0xf84 fully unreadable
[0502/130845.087:ERROR:process_info.cc(625)] range at 0xff887000, size 0xf84 fully unreadable
[0502/130845.087:ERROR:process_info.cc(625)] range at 0xff884000, size 0xf84 fully unreadable
[0502/130845.087:ERROR:process_info.cc(625)] range at 0xff881000, size 0xf84 fully unreadable
[0502/130845.087:ERROR:process_info.cc(625)] range at 0xff87e000, size 0xf84 fully unreadable
[0502/130845.087:ERROR:process_info.cc(625)] range at 0xff87b000, size 0xf84 fully unreadable
[0502/130845.087:ERROR:process_info.cc(625)] range at 0xff878000, size 0xf84 fully unreadable
[0502/130845.087:ERROR:process_info.cc(625)] range at 0xff875000, size 0xf84 fully unreadable
[0502/130845.087:ERROR:process_info.cc(625)] range at 0xff872000, size 0xf84 fully unreadable
[0502/130845.087:ERROR:process_info.cc(625)] range at 0xff86f000, size 0xf84 fully unreadable
[0502/131726.971:ERROR:process_reader_win.cc(114)] NtOpenThread: {Access Denied} A process has requested access to an object, but has not been granted those access rights.  (0xc0000022)
[0502/131726.985:ERROR:exception_snapshot_win.cc(87)] thread ID 2376 not found in process
[0502/131726.986:WARNING:crash_report_exception_handler.cc(60)] ProcessSnapshotWin::Initialize failed
